<?xml version="1.0" encoding="UTF-8"?>
<!-- Generated by org.testng.reporters.JUnitReportReporter -->
<testsuite hostname="Rita" failures="0" tests="1" name="TestRunner.CucumberTestrun_tags" time="0.099" errors="0" timestamp="2024-06-13T15:14:24 IST" skipped="0">
  <testcase classname="TestRunner.CucumberTestrun_tags" name="runScenario" time="0.099"/>
  <system-out/>
</testsuite> <!-- TestRunner.CucumberTestrun_tags -->
