<?xml version="1.0" encoding="UTF-8"?>
<!-- Generated by org.testng.reporters.JUnitReportReporter -->
<testsuite hostname="Rita" failures="0" tests="1" name="TestRunner.CucumberTestrun" time="11.096" errors="0" timestamp="2024-06-21T11:16:10 IST" skipped="0">
  <testcase classname="TestRunner.CucumberTestrun" name="runScenario" time="11.096"/>
  <system-out/>
</testsuite> <!-- TestRunner.CucumberTestrun -->
